<?xml version="1.0" encoding="UTF-8"?>
<!-- Generated by org.testng.reporters.JUnitReportReporter -->
<testsuite hostname="Mahboob-Atiqi" failures="0" tests="2" name="testNGConcepts.TC3" time="0.013" errors="0" timestamp="2023-01-19T19:44:50 PST" skipped="0">
  <testcase classname="testNGConcepts.TC3" name="test3" time="0.010"/>
  <system-out/>
  <testcase classname="testNGConcepts.TC3" name="test4" time="0.003"/>
  <system-out/>
</testsuite> <!-- testNGConcepts.TC3 -->
