<?xml version="1.0" encoding="UTF-8"?>
<!-- Generated by org.testng.reporters.JUnitReportReporter -->
<testsuite hostname="Mahboob-Atiqi" failures="0" tests="1" name="testNGConcepts.iloveCoding" time="0.001" errors="0" timestamp="2022-11-14T18:56:10 PST" skipped="0">
  <testcase classname="testNGConcepts.iloveCoding" name="lovecoding" time="0.001"/>
  <system-out/>
</testsuite> <!-- testNGConcepts.iloveCoding -->
