<?xml version="1.0" encoding="UTF-8"?>
<!-- Generated by org.testng.reporters.JUnitReportReporter -->
<testsuite hostname="Mahboob-Atiqi" failures="0" tests="2" name="testNGConcepts.PracticeTest" time="25.180" errors="0" timestamp="2022-11-15T18:46:05 PST" skipped="0">
  <testcase classname="testNGConcepts.PracticeTest" name="testOne" time="10.885"/>
  <system-out/>
  <testcase classname="testNGConcepts.PracticeTest" name="testTwo" time="14.295"/>
  <system-out/>
</testsuite> <!-- testNGConcepts.PracticeTest -->
