<?xml version="1.0" encoding="UTF-8"?>
<!-- Generated by org.testng.reporters.JUnitReportReporter -->
<testsuite hostname="Mahboob-Atiqi" failures="0" tests="6" name="testNGConcepts.SignUpTest2" time="63.915" errors="0" timestamp="2022-11-17T17:59:44 PST" skipped="0">
  <testcase classname="testNGConcepts.SignUpTest2" name="testSignUp" time="10.654"/>
  <system-out/>
  <testcase classname="testNGConcepts.SignUpTest2" name="testSignUp" time="10.418"/>
  <system-out/>
  <testcase classname="testNGConcepts.SignUpTest2" name="testSignUp" time="10.651"/>
  <system-out/>
  <testcase classname="testNGConcepts.SignUpTest2" name="testSignUp" time="8.855"/>
  <system-out/>
  <testcase classname="testNGConcepts.SignUpTest2" name="testSignUp" time="10.664"/>
  <system-out/>
  <testcase classname="testNGConcepts.SignUpTest2" name="testSignUp" time="12.673"/>
  <system-out/>
</testsuite> <!-- testNGConcepts.SignUpTest2 -->
