<?xml version="1.0" encoding="UTF-8"?>
<!-- Generated by org.testng.reporters.JUnitReportReporter -->
<testsuite hostname="Mahboob-Atiqi" failures="0" tests="4" name="testNGConcepts.ParallelExecution" time="69.920" errors="0" timestamp="2022-11-15T17:17:36 PST" skipped="0">
  <testcase classname="testNGConcepts.ParallelExecution" name="testTwo" time="23.436"/>
  <system-out/>
  <testcase classname="testNGConcepts.ParallelExecution" name="testFour" time="11.825"/>
  <system-out/>
  <testcase classname="testNGConcepts.ParallelExecution" name="testThree" time="9.756"/>
  <system-out/>
  <testcase classname="testNGConcepts.ParallelExecution" name="testOne" time="24.903"/>
  <system-out/>
</testsuite> <!-- testNGConcepts.ParallelExecution -->
