<?xml version="1.0" encoding="UTF-8"?>
<!-- Generated by org.testng.reporters.JUnitReportReporter -->
<testsuite hostname="Mahboob-Atiqi" failures="0" tests="2" name="testNGConcepts.Annotations" time="0.028" errors="0" timestamp="2023-01-19T12:15:41 PST" skipped="1">
  <testcase classname="testNGConcepts.Annotations" name="test" time="0.028"/>
  <system-out/>
  <testcase classname="testNGConcepts.Annotations" name="testFour">
    <skipped/>
  </testcase> <!-- testFour -->
  <system-out/>
</testsuite> <!-- testNGConcepts.Annotations -->
