<?xml version="1.0" encoding="UTF-8"?>
<!-- Generated by org.testng.reporters.JUnitReportReporter -->
<testsuite hostname="Mahboob-Atiqi" failures="0" tests="2" name="testNGConcepts.IloveJava" time="0.002" errors="0" timestamp="2022-11-14T18:56:10 PST" skipped="0">
  <testcase classname="testNGConcepts.IloveJava" name="lovejava" time="0.001"/>
  <system-out/>
  <testcase classname="testNGConcepts.IloveJava" name="lovejava2" time="0.001"/>
  <system-out/>
</testsuite> <!-- testNGConcepts.IloveJava -->
