<?xml version="1.0" encoding="UTF-8"?>
<!-- Generated by org.testng.reporters.JUnitReportReporter -->
<testsuite hostname="Mahboob-Atiqi" failures="0" tests="3" name="testNGConcepts.FirstTestCase" time="0.019" errors="0" timestamp="2023-01-19T18:57:19 PST" skipped="0">
  <testcase classname="testNGConcepts.FirstTestCase" name="setup" time="0.014"/>
  <system-out/>
  <testcase classname="testNGConcepts.FirstTestCase" name="login" time="0.002"/>
  <system-out/>
  <testcase classname="testNGConcepts.FirstTestCase" name="teardown" time="0.003"/>
  <system-out/>
</testsuite> <!-- testNGConcepts.FirstTestCase -->
