<?xml version="1.0" encoding="UTF-8"?>
<!-- Generated by org.testng.reporters.JUnitReportReporter -->
<testsuite hostname="Mahboob-Atiqi" failures="0" tests="6" name="testNGConcepts.SignUpTest" time="61.532" errors="0" timestamp="2022-11-17T18:01:35 PST" skipped="0">
  <testcase classname="testNGConcepts.SignUpTest" name="testSignUp" time="10.281"/>
  <system-out/>
  <testcase classname="testNGConcepts.SignUpTest" name="testSignUp" time="9.078"/>
  <system-out/>
  <testcase classname="testNGConcepts.SignUpTest" name="testSignUp" time="11.017"/>
  <system-out/>
  <testcase classname="testNGConcepts.SignUpTest" name="testSignUp" time="8.886"/>
  <system-out/>
  <testcase classname="testNGConcepts.SignUpTest" name="testSignUp" time="10.528"/>
  <system-out/>
  <testcase classname="testNGConcepts.SignUpTest" name="testSignUp" time="11.742"/>
  <system-out/>
</testsuite> <!-- testNGConcepts.SignUpTest -->
