<?xml version="1.0" encoding="UTF-8"?>
<!-- Generated by org.testng.reporters.JUnitReportReporter -->
<testsuite hostname="Mahboob-Atiqi" failures="0" tests="2" name="testNGConcepts.TC1" time="0.013" errors="0" timestamp="2023-01-19T19:15:21 PST" skipped="0">
  <testcase classname="testNGConcepts.TC1" name="test2" time="0.002"/>
  <system-out/>
  <testcase classname="testNGConcepts.TC1" name="test1" time="0.011"/>
  <system-out/>
</testsuite> <!-- testNGConcepts.TC1 -->
