<?xml version="1.0" encoding="UTF-8"?>
<!-- Generated by org.testng.reporters.JUnitReportReporter -->
<testsuite hostname="Mahboob-Atiqi" failures="0" tests="1" name="tek.sdet.testng.tests.smoke.TestNGParameterExample" time="11.215" errors="0" timestamp="2022-11-17T16:14:12 PST" skipped="0">
  <testcase classname="tek.sdet.testng.tests.smoke.TestNGParameterExample" name="loginWithParametersExample" time="11.215"/>
  <system-out/>
</testsuite> <!-- tek.sdet.testng.tests.smoke.TestNGParameterExample -->
